{"C:\\Users\\49176\\meet\\src\\CitySearch.js": {"path":"C:\\Users\\49176\\meet\\src\\CitySearch.js","statementMap":{"0":{"start":{"line":4,"column":11},"end":{"line":7,"column":4}},"1":{"start":{"line":9,"column":24},"end":{"line":15,"column":4}},"2":{"start":{"line":10,"column":19},"end":{"line":10,"column":37}},"3":{"start":{"line":11,"column":25},"end":{"line":13,"column":7}},"4":{"start":{"line":12,"column":7},"end":{"line":12,"column":71}},"5":{"start":{"line":14,"column":5},"end":{"line":14,"column":50}},"6":{"start":{"line":16,"column":23},"end":{"line":20,"column":4}},"7":{"start":{"line":17,"column":5},"end":{"line":19,"column":8}},"8":{"start":{"line":22,"column":5},"end":{"line":44,"column":7}},"9":{"start":{"line":32,"column":13},"end":{"line":37,"column":18}},"10":{"start":{"line":34,"column":30},"end":{"line":34,"column":64}}},"fnMap":{"0":{"name":"(anonymous_0)","decl":{"start":{"line":9,"column":24},"end":{"line":9,"column":25}},"loc":{"start":{"line":9,"column":35},"end":{"line":15,"column":4}},"line":9},"1":{"name":"(anonymous_1)","decl":{"start":{"line":11,"column":53},"end":{"line":11,"column":54}},"loc":{"start":{"line":11,"column":67},"end":{"line":13,"column":6}},"line":11},"2":{"name":"(anonymous_2)","decl":{"start":{"line":16,"column":23},"end":{"line":16,"column":24}},"loc":{"start":{"line":16,"column":39},"end":{"line":20,"column":4}},"line":16},"3":{"name":"(anonymous_3)","decl":{"start":{"line":21,"column":3},"end":{"line":21,"column":4}},"loc":{"start":{"line":21,"column":12},"end":{"line":45,"column":4}},"line":21},"4":{"name":"(anonymous_4)","decl":{"start":{"line":31,"column":39},"end":{"line":31,"column":40}},"loc":{"start":{"line":32,"column":13},"end":{"line":37,"column":18}},"line":32},"5":{"name":"(anonymous_5)","decl":{"start":{"line":34,"column":24},"end":{"line":34,"column":25}},"loc":{"start":{"line":34,"column":30},"end":{"line":34,"column":64}},"line":34}},"branchMap":{},"s":{"0":0,"1":0,"2":0,"3":0,"4":0,"5":0,"6":0,"7":0,"8":0,"9":0,"10":0},"f":{"0":0,"1":0,"2":0,"3":0,"4":0,"5":0},"b":{}}
,"C:\\Users\\49176\\meet\\src\\api.js": {"path":"C:\\Users\\49176\\meet\\src\\api.js","statementMap":{"0":{"start":{"line":14,"column":32},"end":{"line":18,"column":1}},"1":{"start":{"line":15,"column":25},"end":{"line":15,"column":62}},"2":{"start":{"line":15,"column":47},"end":{"line":15,"column":61}},"3":{"start":{"line":16,"column":18},"end":{"line":16,"column":48}},"4":{"start":{"line":17,"column":2},"end":{"line":17,"column":19}},"5":{"start":{"line":20,"column":26},"end":{"line":28,"column":1}},"6":{"start":{"line":21,"column":17},"end":{"line":25,"column":35}},"7":{"start":{"line":24,"column":19},"end":{"line":24,"column":29}},"8":{"start":{"line":25,"column":22},"end":{"line":25,"column":34}},"9":{"start":{"line":27,"column":2},"end":{"line":27,"column":16}},"10":{"start":{"line":30,"column":20},"end":{"line":42,"column":1}},"11":{"start":{"line":31,"column":2},"end":{"line":41,"column":3}},"12":{"start":{"line":33,"column":6},"end":{"line":36,"column":30}},"13":{"start":{"line":37,"column":4},"end":{"line":37,"column":45}},"14":{"start":{"line":39,"column":4},"end":{"line":39,"column":68}},"15":{"start":{"line":40,"column":4},"end":{"line":40,"column":45}},"16":{"start":{"line":44,"column":25},"end":{"line":75,"column":1}},"17":{"start":{"line":45,"column":2},"end":{"line":45,"column":20}},"18":{"start":{"line":47,"column":2},"end":{"line":50,"column":3}},"19":{"start":{"line":48,"column":4},"end":{"line":48,"column":21}},"20":{"start":{"line":49,"column":4},"end":{"line":49,"column":20}},"21":{"start":{"line":52,"column":2},"end":{"line":56,"column":3}},"22":{"start":{"line":53,"column":17},"end":{"line":53,"column":51}},"23":{"start":{"line":54,"column":4},"end":{"line":54,"column":21}},"24":{"start":{"line":55,"column":4},"end":{"line":55,"column":47}},"25":{"start":{"line":58,"column":16},"end":{"line":58,"column":38}},"26":{"start":{"line":60,"column":2},"end":{"line":74,"column":3}},"27":{"start":{"line":61,"column":4},"end":{"line":61,"column":18}},"28":{"start":{"line":63,"column":6},"end":{"line":65,"column":11}},"29":{"start":{"line":66,"column":19},"end":{"line":66,"column":39}},"30":{"start":{"line":67,"column":4},"end":{"line":71,"column":5}},"31":{"start":{"line":68,"column":22},"end":{"line":68,"column":58}},"32":{"start":{"line":69,"column":6},"end":{"line":69,"column":70}},"33":{"start":{"line":70,"column":6},"end":{"line":70,"column":67}},"34":{"start":{"line":72,"column":4},"end":{"line":72,"column":21}},"35":{"start":{"line":73,"column":4},"end":{"line":73,"column":30}},"36":{"start":{"line":77,"column":17},"end":{"line":92,"column":1}},"37":{"start":{"line":78,"column":21},"end":{"line":78,"column":45}},"38":{"start":{"line":79,"column":27},"end":{"line":87,"column":28}},"39":{"start":{"line":85,"column":6},"end":{"line":85,"column":24}},"40":{"start":{"line":87,"column":22},"end":{"line":87,"column":27}},"41":{"start":{"line":89,"column":2},"end":{"line":89,"column":69}},"42":{"start":{"line":91,"column":2},"end":{"line":91,"column":22}},"43":{"start":{"line":94,"column":30},"end":{"line":112,"column":1}},"44":{"start":{"line":95,"column":22},"end":{"line":95,"column":58}},"45":{"start":{"line":96,"column":21},"end":{"line":96,"column":67}},"46":{"start":{"line":98,"column":2},"end":{"line":110,"column":3}},"47":{"start":{"line":99,"column":4},"end":{"line":99,"column":50}},"48":{"start":{"line":100,"column":25},"end":{"line":100,"column":68}},"49":{"start":{"line":101,"column":17},"end":{"line":101,"column":47}},"50":{"start":{"line":102,"column":4},"end":{"line":108,"column":5}},"51":{"start":{"line":103,"column":22},"end":{"line":105,"column":7}},"52":{"start":{"line":106,"column":26},"end":{"line":106,"column":38}},"53":{"start":{"line":107,"column":6},"end":{"line":107,"column":46}},"54":{"start":{"line":109,"column":4},"end":{"line":109,"column":34}},"55":{"start":{"line":111,"column":2},"end":{"line":111,"column":21}}},"fnMap":{"0":{"name":"(anonymous_0)","decl":{"start":{"line":14,"column":32},"end":{"line":14,"column":33}},"loc":{"start":{"line":14,"column":44},"end":{"line":18,"column":1}},"line":14},"1":{"name":"(anonymous_1)","decl":{"start":{"line":15,"column":36},"end":{"line":15,"column":37}},"loc":{"start":{"line":15,"column":47},"end":{"line":15,"column":61}},"line":15},"2":{"name":"(anonymous_2)","decl":{"start":{"line":20,"column":26},"end":{"line":20,"column":27}},"loc":{"start":{"line":20,"column":49},"end":{"line":28,"column":1}},"line":20},"3":{"name":"(anonymous_3)","decl":{"start":{"line":24,"column":10},"end":{"line":24,"column":11}},"loc":{"start":{"line":24,"column":19},"end":{"line":24,"column":29}},"line":24},"4":{"name":"(anonymous_4)","decl":{"start":{"line":25,"column":11},"end":{"line":25,"column":12}},"loc":{"start":{"line":25,"column":22},"end":{"line":25,"column":34}},"line":25},"5":{"name":"(anonymous_5)","decl":{"start":{"line":30,"column":20},"end":{"line":30,"column":21}},"loc":{"start":{"line":30,"column":26},"end":{"line":42,"column":1}},"line":30},"6":{"name":"(anonymous_6)","decl":{"start":{"line":44,"column":25},"end":{"line":44,"column":26}},"loc":{"start":{"line":44,"column":37},"end":{"line":75,"column":1}},"line":44},"7":{"name":"(anonymous_7)","decl":{"start":{"line":77,"column":17},"end":{"line":77,"column":18}},"loc":{"start":{"line":77,"column":33},"end":{"line":92,"column":1}},"line":77},"8":{"name":"(anonymous_8)","decl":{"start":{"line":84,"column":10},"end":{"line":84,"column":11}},"loc":{"start":{"line":84,"column":19},"end":{"line":86,"column":5}},"line":84},"9":{"name":"(anonymous_9)","decl":{"start":{"line":87,"column":11},"end":{"line":87,"column":12}},"loc":{"start":{"line":87,"column":22},"end":{"line":87,"column":27}},"line":87},"10":{"name":"(anonymous_10)","decl":{"start":{"line":94,"column":30},"end":{"line":94,"column":31}},"loc":{"start":{"line":94,"column":42},"end":{"line":112,"column":1}},"line":94}},"branchMap":{"0":{"loc":{"start":{"line":31,"column":2},"end":{"line":41,"column":3}},"type":"if","locations":[{"start":{"line":31,"column":2},"end":{"line":41,"column":3}},{"start":{"line":38,"column":9},"end":{"line":41,"column":3}}],"line":31},"1":{"loc":{"start":{"line":31,"column":6},"end":{"line":31,"column":58}},"type":"binary-expr","locations":[{"start":{"line":31,"column":6},"end":{"line":31,"column":30}},{"start":{"line":31,"column":34},"end":{"line":31,"column":58}}],"line":31},"2":{"loc":{"start":{"line":47,"column":2},"end":{"line":50,"column":3}},"type":"if","locations":[{"start":{"line":47,"column":2},"end":{"line":50,"column":3}},{"start":{},"end":{}}],"line":47},"3":{"loc":{"start":{"line":52,"column":2},"end":{"line":56,"column":3}},"type":"if","locations":[{"start":{"line":52,"column":2},"end":{"line":56,"column":3}},{"start":{},"end":{}}],"line":52},"4":{"loc":{"start":{"line":55,"column":11},"end":{"line":55,"column":46}},"type":"cond-expr","locations":[{"start":{"line":55,"column":18},"end":{"line":55,"column":41}},{"start":{"line":55,"column":44},"end":{"line":55,"column":46}}],"line":55},"5":{"loc":{"start":{"line":60,"column":2},"end":{"line":74,"column":3}},"type":"if","locations":[{"start":{"line":60,"column":2},"end":{"line":74,"column":3}},{"start":{},"end":{}}],"line":60},"6":{"loc":{"start":{"line":67,"column":4},"end":{"line":71,"column":5}},"type":"if","locations":[{"start":{"line":67,"column":4},"end":{"line":71,"column":5}},{"start":{},"end":{}}],"line":67},"7":{"loc":{"start":{"line":89,"column":2},"end":{"line":89,"column":68}},"type":"binary-expr","locations":[{"start":{"line":89,"column":2},"end":{"line":89,"column":14}},{"start":{"line":89,"column":18},"end":{"line":89,"column":68}}],"line":89},"8":{"loc":{"start":{"line":96,"column":21},"end":{"line":96,"column":67}},"type":"binary-expr","locations":[{"start":{"line":96,"column":21},"end":{"line":96,"column":32}},{"start":{"line":96,"column":37},"end":{"line":96,"column":66}}],"line":96},"9":{"loc":{"start":{"line":98,"column":2},"end":{"line":110,"column":3}},"type":"if","locations":[{"start":{"line":98,"column":2},"end":{"line":110,"column":3}},{"start":{},"end":{}}],"line":98},"10":{"loc":{"start":{"line":98,"column":6},"end":{"line":98,"column":38}},"type":"binary-expr","locations":[{"start":{"line":98,"column":6},"end":{"line":98,"column":18}},{"start":{"line":98,"column":22},"end":{"line":98,"column":38}}],"line":98},"11":{"loc":{"start":{"line":102,"column":4},"end":{"line":108,"column":5}},"type":"if","locations":[{"start":{"line":102,"column":4},"end":{"line":108,"column":5}},{"start":{},"end":{}}],"line":102},"12":{"loc":{"start":{"line":109,"column":11},"end":{"line":109,"column":33}},"type":"binary-expr","locations":[{"start":{"line":109,"column":11},"end":{"line":109,"column":15}},{"start":{"line":109,"column":19},"end":{"line":109,"column":33}}],"line":109}},"s":{"0":0,"1":0,"2":0,"3":0,"4":0,"5":0,"6":0,"7":0,"8":0,"9":0,"10":0,"11":0,"12":0,"13":0,"14":0,"15":0,"16":0,"17":0,"18":0,"19":0,"20":0,"21":0,"22":0,"23":0,"24":0,"25":0,"26":0,"27":0,"28":0,"29":0,"30":0,"31":0,"32":0,"33":0,"34":0,"35":0,"36":0,"37":0,"38":0,"39":0,"40":0,"41":0,"42":0,"43":0,"44":0,"45":0,"46":0,"47":0,"48":0,"49":0,"50":0,"51":0,"52":0,"53":0,"54":0,"55":0},"f":{"0":0,"1":0,"2":0,"3":0,"4":0,"5":0,"6":0,"7":0,"8":0,"9":0,"10":0},"b":{"0":[0,0],"1":[0,0],"2":[0,0],"3":[0,0],"4":[0,0],"5":[0,0],"6":[0,0],"7":[0,0],"8":[0,0],"9":[0,0],"10":[0,0],"11":[0,0],"12":[0,0]}}
,"C:\\Users\\49176\\meet\\src\\mock-data.js": {"path":"C:\\Users\\49176\\meet\\src\\mock-data.js","statementMap":{"0":{"start":{"line":1,"column":17},"end":{"line":85,"column":5}}},"fnMap":{},"branchMap":{},"s":{"0":0},"f":{},"b":{}}
}
